{"name":"Create a bug as a gost user","status":"broken","statusDetails":{"known":false,"muted":false,"flaky":false,"message":"element click intercepted: Element <div data-offset-key=\"2q3c5-0-0\" class=\"public-DraftStyleDefault-block public-DraftStyleDefault-ltr\">...</div> is not clickable at point (759, 8). Other element would receive the click: <div class=\"MuiToolbar-root MuiToolbar-regular MuiToolbar-gutters\">...</div>\n  (Session info: chrome=80.0.3987.132)\nBuild info: version: '3.141.59', revision: 'e82be7d358', time: '2018-11-14T08:17:03'\nSystem info: host: 'LAPTOP-FC071ALF', ip: '192.168.137.195', os.name: 'Windows 10', os.arch: 'amd64', os.version: '10.0', java.version: '1.8.0_212'\nDriver info: org.openqa.selenium.chrome.ChromeDriver\nCapabilities {acceptInsecureCerts: true, browserName: chrome, browserVersion: 80.0.3987.132, chrome: {chromedriverVersion: 79.0.3945.36 (3582db32b3389..., userDataDir: C:\\Users\\PC44_Z~1\\AppData\\L...}, goog:chromeOptions: {debuggerAddress: localhost:65124}, javascriptEnabled: true, networkConnectionEnabled: false, pageLoadStrategy: normal, platform: WINDOWS, platformName: WINDOWS, proxy: Proxy(), setWindowRect: true, strictFileInteractability: false, timeouts: {implicit: 0, pageLoad: 300000, script: 30000}, unhandledPromptBehavior: dismiss and notify}\nSession ID: bf8b50c9bd96d3ce0d7b7194099ac6f2","trace":"org.openqa.selenium.ElementClickInterceptedException: element click intercepted: Element <div data-offset-key=\"2q3c5-0-0\" class=\"public-DraftStyleDefault-block public-DraftStyleDefault-ltr\">...</div> is not clickable at point (759, 8). Other element would receive the click: <div class=\"MuiToolbar-root MuiToolbar-regular MuiToolbar-gutters\">...</div>\n  (Session info: chrome=80.0.3987.132)\nBuild info: version: '3.141.59', revision: 'e82be7d358', time: '2018-11-14T08:17:03'\nSystem info: host: 'LAPTOP-FC071ALF', ip: '192.168.137.195', os.name: 'Windows 10', os.arch: 'amd64', os.version: '10.0', java.version: '1.8.0_212'\nDriver info: org.openqa.selenium.chrome.ChromeDriver\nCapabilities {acceptInsecureCerts: true, browserName: chrome, browserVersion: 80.0.3987.132, chrome: {chromedriverVersion: 79.0.3945.36 (3582db32b3389..., userDataDir: C:\\Users\\PC44_Z~1\\AppData\\L...}, goog:chromeOptions: {debuggerAddress: localhost:65124}, javascriptEnabled: true, networkConnectionEnabled: false, pageLoadStrategy: normal, platform: WINDOWS, platformName: WINDOWS, proxy: Proxy(), setWindowRect: true, strictFileInteractability: false, timeouts: {implicit: 0, pageLoad: 300000, script: 30000}, unhandledPromptBehavior: dismiss and notify}\nSession ID: bf8b50c9bd96d3ce0d7b7194099ac6f2\r\n\tat sun.reflect.NativeConstructorAccessorImpl.newInstance0(Native Method)\r\n\tat sun.reflect.NativeConstructorAccessorImpl.newInstance(NativeConstructorAccessorImpl.java:62)\r\n\tat sun.reflect.DelegatingConstructorAccessorImpl.newInstance(DelegatingConstructorAccessorImpl.java:45)\r\n\tat java.lang.reflect.Constructor.newInstance(Constructor.java:423)\r\n\tat org.openqa.selenium.remote.http.W3CHttpResponseCodec.createException(W3CHttpResponseCodec.java:187)\r\n\tat org.openqa.selenium.remote.http.W3CHttpResponseCodec.decode(W3CHttpResponseCodec.java:122)\r\n\tat org.openqa.selenium.remote.http.W3CHttpResponseCodec.decode(W3CHttpResponseCodec.java:49)\r\n\tat org.openqa.selenium.remote.HttpCommandExecutor.execute(HttpCommandExecutor.java:158)\r\n\tat org.openqa.selenium.remote.service.DriverCommandExecutor.execute(DriverCommandExecutor.java:83)\r\n\tat org.openqa.selenium.remote.RemoteWebDriver.execute(RemoteWebDriver.java:552)\r\n\tat org.openqa.selenium.remote.RemoteWebElement.execute(RemoteWebElement.java:285)\r\n\tat org.openqa.selenium.remote.RemoteWebElement.click(RemoteWebElement.java:84)\r\n\tat sun.reflect.NativeMethodAccessorImpl.invoke0(Native Method)\r\n\tat sun.reflect.NativeMethodAccessorImpl.invoke(NativeMethodAccessorImpl.java:62)\r\n\tat sun.reflect.DelegatingMethodAccessorImpl.invoke(DelegatingMethodAccessorImpl.java:43)\r\n\tat java.lang.reflect.Method.invoke(Method.java:498)\r\n\tat org.openqa.selenium.support.pagefactory.internal.LocatingElementHandler.invoke(LocatingElementHandler.java:51)\r\n\tat com.sun.proxy.$Proxy14.click(Unknown Source)\r\n\tat fr.zenity.desbugs.PagesObjects.Page.click(Page.java:81)\r\n\tat fr.zenity.desbugs.PagesObjects.NewBugPages.NewBugDetailPage.writeDescription(NewBugDetailPage.java:44)\r\n\tat fr.zenity.desbugs.steps.NewBugDetailSteps.lambda$new$1(NewBugDetailSteps.java:25)\r\n\tat ✽.I fill the New Bug Detail Form:(file:src/test/resources/features/NewBug.feature:68)\r\n"},"stage":"finished","description":"  Verify if user is able to create a new bug","steps":[{"name":"Given  I am on the New Bug Plateform Page","status":"passed","statusDetails":{"known":false,"muted":false,"flaky":false},"stage":"finished","steps":[],"attachments":[],"parameters":[],"start":1584633081679,"stop":1584633081679},{"name":"And  I close the information popUp","status":"passed","statusDetails":{"known":false,"muted":false,"flaky":false},"stage":"finished","steps":[],"attachments":[],"parameters":[],"start":1584633081680,"stop":1584633081680},{"name":"And  I select the plateform WEB","status":"passed","statusDetails":{"known":false,"muted":false,"flaky":false},"stage":"finished","steps":[],"attachments":[],"parameters":[],"start":1584633081680,"stop":1584633081680},{"name":"And  I select the device COMPUTER","status":"passed","statusDetails":{"known":false,"muted":false,"flaky":false},"stage":"finished","steps":[],"attachments":[],"parameters":[],"start":1584633081680,"stop":1584633081680},{"name":"And  I fill the New Bug Detail Form:","status":"broken","statusDetails":{"known":false,"muted":false,"flaky":false,"message":"element click intercepted: Element <div data-offset-key=\"2q3c5-0-0\" class=\"public-DraftStyleDefault-block public-DraftStyleDefault-ltr\">...</div> is not clickable at point (759, 8). Other element would receive the click: <div class=\"MuiToolbar-root MuiToolbar-regular MuiToolbar-gutters\">...</div>\n  (Session info: chrome=80.0.3987.132)\nBuild info: version: '3.141.59', revision: 'e82be7d358', time: '2018-11-14T08:17:03'\nSystem info: host: 'LAPTOP-FC071ALF', ip: '192.168.137.195', os.name: 'Windows 10', os.arch: 'amd64', os.version: '10.0', java.version: '1.8.0_212'\nDriver info: org.openqa.selenium.chrome.ChromeDriver\nCapabilities {acceptInsecureCerts: true, browserName: chrome, browserVersion: 80.0.3987.132, chrome: {chromedriverVersion: 79.0.3945.36 (3582db32b3389..., userDataDir: C:\\Users\\PC44_Z~1\\AppData\\L...}, goog:chromeOptions: {debuggerAddress: localhost:65124}, javascriptEnabled: true, networkConnectionEnabled: false, pageLoadStrategy: normal, platform: WINDOWS, platformName: WINDOWS, proxy: Proxy(), setWindowRect: true, strictFileInteractability: false, timeouts: {implicit: 0, pageLoad: 300000, script: 30000}, unhandledPromptBehavior: dismiss and notify}\nSession ID: bf8b50c9bd96d3ce0d7b7194099ac6f2","trace":"org.openqa.selenium.ElementClickInterceptedException: element click intercepted: Element <div data-offset-key=\"2q3c5-0-0\" class=\"public-DraftStyleDefault-block public-DraftStyleDefault-ltr\">...</div> is not clickable at point (759, 8). Other element would receive the click: <div class=\"MuiToolbar-root MuiToolbar-regular MuiToolbar-gutters\">...</div>\n  (Session info: chrome=80.0.3987.132)\nBuild info: version: '3.141.59', revision: 'e82be7d358', time: '2018-11-14T08:17:03'\nSystem info: host: 'LAPTOP-FC071ALF', ip: '192.168.137.195', os.name: 'Windows 10', os.arch: 'amd64', os.version: '10.0', java.version: '1.8.0_212'\nDriver info: org.openqa.selenium.chrome.ChromeDriver\nCapabilities {acceptInsecureCerts: true, browserName: chrome, browserVersion: 80.0.3987.132, chrome: {chromedriverVersion: 79.0.3945.36 (3582db32b3389..., userDataDir: C:\\Users\\PC44_Z~1\\AppData\\L...}, goog:chromeOptions: {debuggerAddress: localhost:65124}, javascriptEnabled: true, networkConnectionEnabled: false, pageLoadStrategy: normal, platform: WINDOWS, platformName: WINDOWS, proxy: Proxy(), setWindowRect: true, strictFileInteractability: false, timeouts: {implicit: 0, pageLoad: 300000, script: 30000}, unhandledPromptBehavior: dismiss and notify}\nSession ID: bf8b50c9bd96d3ce0d7b7194099ac6f2\r\n\tat sun.reflect.NativeConstructorAccessorImpl.newInstance0(Native Method)\r\n\tat sun.reflect.NativeConstructorAccessorImpl.newInstance(NativeConstructorAccessorImpl.java:62)\r\n\tat sun.reflect.DelegatingConstructorAccessorImpl.newInstance(DelegatingConstructorAccessorImpl.java:45)\r\n\tat java.lang.reflect.Constructor.newInstance(Constructor.java:423)\r\n\tat org.openqa.selenium.remote.http.W3CHttpResponseCodec.createException(W3CHttpResponseCodec.java:187)\r\n\tat org.openqa.selenium.remote.http.W3CHttpResponseCodec.decode(W3CHttpResponseCodec.java:122)\r\n\tat org.openqa.selenium.remote.http.W3CHttpResponseCodec.decode(W3CHttpResponseCodec.java:49)\r\n\tat org.openqa.selenium.remote.HttpCommandExecutor.execute(HttpCommandExecutor.java:158)\r\n\tat org.openqa.selenium.remote.service.DriverCommandExecutor.execute(DriverCommandExecutor.java:83)\r\n\tat org.openqa.selenium.remote.RemoteWebDriver.execute(RemoteWebDriver.java:552)\r\n\tat org.openqa.selenium.remote.RemoteWebElement.execute(RemoteWebElement.java:285)\r\n\tat org.openqa.selenium.remote.RemoteWebElement.click(RemoteWebElement.java:84)\r\n\tat sun.reflect.NativeMethodAccessorImpl.invoke0(Native Method)\r\n\tat sun.reflect.NativeMethodAccessorImpl.invoke(NativeMethodAccessorImpl.java:62)\r\n\tat sun.reflect.DelegatingMethodAccessorImpl.invoke(DelegatingMethodAccessorImpl.java:43)\r\n\tat java.lang.reflect.Method.invoke(Method.java:498)\r\n\tat org.openqa.selenium.support.pagefactory.internal.LocatingElementHandler.invoke(LocatingElementHandler.java:51)\r\n\tat com.sun.proxy.$Proxy14.click(Unknown Source)\r\n\tat fr.zenity.desbugs.PagesObjects.Page.click(Page.java:81)\r\n\tat fr.zenity.desbugs.PagesObjects.NewBugPages.NewBugDetailPage.writeDescription(NewBugDetailPage.java:44)\r\n\tat fr.zenity.desbugs.steps.NewBugDetailSteps.lambda$new$1(NewBugDetailSteps.java:25)\r\n\tat ✽.I fill the New Bug Detail Form:(file:src/test/resources/features/NewBug.feature:68)\r\n"},"stage":"finished","steps":[],"attachments":[{"name":"Data table","source":"3d565d8c-7889-43d2-989a-fa8a9ad9cc70-attachment.csv","type":"text/tab-separated-values"}],"parameters":[],"start":1584633081681,"stop":1584633081683},{"name":"When  I valid the New Bug Form","status":"skipped","statusDetails":{"known":false,"muted":false,"flaky":false},"stage":"finished","steps":[],"attachments":[],"parameters":[],"start":1584633081684,"stop":1584633081684},{"name":"Then  the Login Page","statusDetails":{"known":false,"muted":false,"flaky":false,"message":"TODO: implement me","trace":"cucumber.api.PendingException: TODO: implement me\r\n\tat io.qameta.allure.cucumber3jvm.AllureCucumber3Jvm.handlePickleStep(AllureCucumber3Jvm.java:352)\r\n\tat io.qameta.allure.cucumber3jvm.AllureCucumber3Jvm.handleTestStepFinished(AllureCucumber3Jvm.java:222)\r\n\tat cucumber.runner.AbstractEventPublisher.send(AbstractEventPublisher.java:45)\r\n\tat cucumber.runner.AbstractEventPublisher.sendAll(AbstractEventPublisher.java:52)\r\n\tat cucumber.runner.CanonicalOrderEventPublisher.handle(CanonicalOrderEventPublisher.java:18)\r\n\tat cucumber.runtime.formatter.Plugins$1.receive(Plugins.java:53)\r\n\tat cucumber.runner.AbstractEventPublisher.send(AbstractEventPublisher.java:38)\r\n\tat cucumber.runner.AbstractEventBus.send(AbstractEventBus.java:9)\r\n\tat cucumber.runner.TimeServiceEventBus.send(TimeServiceEventBus.java:3)\r\n\tat io.cucumber.testng.TestNGCucumberRunner.finish(TestNGCucumberRunner.java:88)\r\n\tat io.cucumber.testng.AbstractTestNGCucumberTests.tearDownClass(AbstractTestNGCucumberTests.java:46)\r\n\tat sun.reflect.NativeMethodAccessorImpl.invoke0(Native Method)\r\n\tat sun.reflect.NativeMethodAccessorImpl.invoke(NativeMethodAccessorImpl.java:62)\r\n\tat sun.reflect.DelegatingMethodAccessorImpl.invoke(DelegatingMethodAccessorImpl.java:43)\r\n\tat java.lang.reflect.Method.invoke(Method.java:498)\r\n\tat org.testng.internal.MethodInvocationHelper.invokeMethod(MethodInvocationHelper.java:133)\r\n\tat org.testng.internal.MethodInvocationHelper.invokeMethodConsideringTimeout(MethodInvocationHelper.java:62)\r\n\tat org.testng.internal.ConfigInvoker.invokeConfigurationMethod(ConfigInvoker.java:340)\r\n\tat org.testng.internal.ConfigInvoker.invokeConfigurations(ConfigInvoker.java:294)\r\n\tat org.testng.internal.TestMethodWorker.invokeAfterClassMethods(TestMethodWorker.java:217)\r\n\tat org.testng.internal.TestMethodWorker.run(TestMethodWorker.java:130)\r\n\tat java.util.ArrayList.forEach(ArrayList.java:1257)\r\n\tat org.testng.TestRunner.privateRun(TestRunner.java:770)\r\n\tat org.testng.TestRunner.run(TestRunner.java:591)\r\n\tat org.testng.SuiteRunner.runTest(SuiteRunner.java:402)\r\n\tat org.testng.SuiteRunner.runSequentially(SuiteRunner.java:396)\r\n\tat org.testng.SuiteRunner.privateRun(SuiteRunner.java:355)\r\n\tat org.testng.SuiteRunner.run(SuiteRunner.java:304)\r\n\tat org.testng.SuiteRunnerWorker.runSuite(SuiteRunnerWorker.java:53)\r\n\tat org.testng.SuiteRunnerWorker.run(SuiteRunnerWorker.java:96)\r\n\tat org.testng.TestNG.runSuitesSequentially(TestNG.java:1180)\r\n\tat org.testng.TestNG.runSuitesLocally(TestNG.java:1102)\r\n\tat org.testng.TestNG.runSuites(TestNG.java:1032)\r\n\tat org.testng.TestNG.run(TestNG.java:1000)\r\n\tat com.intellij.rt.testng.IDEARemoteTestNG.run(IDEARemoteTestNG.java:66)\r\n\tat com.intellij.rt.testng.RemoteTestNGStarter.main(RemoteTestNGStarter.java:110)\r\n"},"stage":"finished","steps":[],"attachments":[],"parameters":[],"start":1584633081684,"stop":1584633081685}],"attachments":[],"parameters":[{"name":"plateform","value":"WEB"},{"name":"device","value":"COMPUTER"},{"name":"webSiteName","value":"webSiteName"},{"name":"webSiteUrl","value":"webSiteUrl.com"},{"name":"bugDescription","value":"bugDescriptionComplexe"},{"name":"os","value":"os"},{"name":"browser","value":"browser"}],"start":1584633081679,"stop":1584633081686,"uuid":"51219fff-0e73-42ab-8e5a-e42db4ffc053","historyId":"855cda5025462e0cc7dd6e0915aa46e9","fullName":"New Bug Feature: Create a bug as a gost user","labels":[{"name":"feature","value":"New Bug Feature"},{"name":"story","value":"Create a bug as a gost user"},{"name":"tag","value":"test"},{"name":"host","value":"LAPTOP-FC071ALF"},{"name":"thread","value":"17088@LAPTOP-FC071ALF.main(1)"},{"name":"package","value":"New Bug Feature"},{"name":"suite","value":"New Bug Feature"},{"name":"testClass","value":"Create a bug as a gost user"},{"name":"framework","value":"cucumber3jvm"},{"name":"language","value":"java"}],"links":[]}